[2020-03-15 22:08:48Z INFO HostContext] No proxy settings were found based on environmental variables (http_proxy/https_proxy/HTTP_PROXY/HTTPS_PROXY)
[2020-03-15 22:08:48Z INFO Listener] Runner is built for Windows (X64) - win-x64.
[2020-03-15 22:08:48Z INFO Listener] RuntimeInformation: Microsoft Windows 10.0.17763.
[2020-03-15 22:08:48Z INFO Listener] Version: 2.165.2
[2020-03-15 22:08:48Z INFO Listener] Commit: fcf795d86d880b9f0bd10f9713d29cb9784ecef5
[2020-03-15 22:08:48Z INFO Listener] Culture: ru-UA
[2020-03-15 22:08:48Z INFO Listener] UI Culture: ru-RU
[2020-03-15 22:08:48Z INFO HostContext] Well known directory 'Bin': 'C:\Users\DeepCool\Documents\GitHub\faidy.com\bin'
[2020-03-15 22:08:48Z INFO HostContext] Well known directory 'Root': 'C:\Users\DeepCool\Documents\GitHub\faidy.com'
[2020-03-15 22:08:48Z INFO Listener] Validating directory permissions for: 'C:\Users\DeepCool\Documents\GitHub\faidy.com'
[2020-03-15 22:08:48Z INFO CommandLineParser] Parse
[2020-03-15 22:08:48Z INFO CommandLineParser] Parsing 1 args
[2020-03-15 22:08:48Z INFO CommandLineParser] parsing argument
[2020-03-15 22:08:48Z INFO CommandLineParser] HasArgs: False
[2020-03-15 22:08:48Z INFO CommandLineParser] Adding Command: run
[2020-03-15 22:08:48Z INFO Listener] Arguments parsed
[2020-03-15 22:08:48Z INFO Runner] ExecuteCommand
[2020-03-15 22:08:48Z INFO ConfigurationStore] currentAssemblyLocation: C:\Users\DeepCool\Documents\GitHub\faidy.com\bin\Runner.Listener.dll
[2020-03-15 22:08:48Z INFO HostContext] Well known directory 'Bin': 'C:\Users\DeepCool\Documents\GitHub\faidy.com\bin'
[2020-03-15 22:08:48Z INFO ConfigurationStore] binPath: C:\Users\DeepCool\Documents\GitHub\faidy.com\bin
[2020-03-15 22:08:48Z INFO HostContext] Well known directory 'Bin': 'C:\Users\DeepCool\Documents\GitHub\faidy.com\bin'
[2020-03-15 22:08:48Z INFO HostContext] Well known directory 'Root': 'C:\Users\DeepCool\Documents\GitHub\faidy.com'
[2020-03-15 22:08:48Z INFO ConfigurationStore] RootFolder: C:\Users\DeepCool\Documents\GitHub\faidy.com
[2020-03-15 22:08:48Z INFO HostContext] Well known directory 'Bin': 'C:\Users\DeepCool\Documents\GitHub\faidy.com\bin'
[2020-03-15 22:08:48Z INFO HostContext] Well known directory 'Root': 'C:\Users\DeepCool\Documents\GitHub\faidy.com'
[2020-03-15 22:08:48Z INFO HostContext] Well known config file 'Runner': 'C:\Users\DeepCool\Documents\GitHub\faidy.com\.runner'
[2020-03-15 22:08:48Z INFO ConfigurationStore] ConfigFilePath: C:\Users\DeepCool\Documents\GitHub\faidy.com\.runner
[2020-03-15 22:08:48Z INFO HostContext] Well known directory 'Bin': 'C:\Users\DeepCool\Documents\GitHub\faidy.com\bin'
[2020-03-15 22:08:48Z INFO HostContext] Well known directory 'Root': 'C:\Users\DeepCool\Documents\GitHub\faidy.com'
[2020-03-15 22:08:48Z INFO HostContext] Well known config file 'Credentials': 'C:\Users\DeepCool\Documents\GitHub\faidy.com\.credentials'
[2020-03-15 22:08:48Z INFO ConfigurationStore] CredFilePath: C:\Users\DeepCool\Documents\GitHub\faidy.com\.credentials
[2020-03-15 22:08:48Z INFO HostContext] Well known directory 'Bin': 'C:\Users\DeepCool\Documents\GitHub\faidy.com\bin'
[2020-03-15 22:08:48Z INFO HostContext] Well known directory 'Root': 'C:\Users\DeepCool\Documents\GitHub\faidy.com'
[2020-03-15 22:08:48Z INFO HostContext] Well known config file 'Service': 'C:\Users\DeepCool\Documents\GitHub\faidy.com\.service'
[2020-03-15 22:08:48Z INFO ConfigurationStore] ServiceConfigFilePath: C:\Users\DeepCool\Documents\GitHub\faidy.com\.service
[2020-03-15 22:08:48Z INFO CommandSettings] Flag 'help': 'False'
[2020-03-15 22:08:48Z INFO CommandSettings] Flag 'version': 'False'
[2020-03-15 22:08:48Z INFO CommandSettings] Flag 'commit': 'False'
[2020-03-15 22:08:48Z INFO CommandSettings] Command 'configure': 'False'
[2020-03-15 22:08:48Z INFO CommandSettings] Command 'remove': 'False'
[2020-03-15 22:08:48Z INFO CommandSettings] Command 'warmup': 'False'
[2020-03-15 22:08:48Z INFO ConfigurationManager] LoadSettings
[2020-03-15 22:08:48Z INFO ConfigurationStore] IsConfigured()
[2020-03-15 22:08:48Z INFO ConfigurationStore] IsConfigured: False
[2020-03-15 22:08:48Z INFO ConfigurationManager] Is configured: False
[2020-03-15 22:08:48Z ERR  Terminal] WRITE ERROR: An error occurred: Not configured
[2020-03-15 22:08:48Z ERR  Listener] System.InvalidOperationException: Not configured
   at GitHub.Runner.Listener.Configuration.ConfigurationManager.LoadSettings()
   at GitHub.Runner.Listener.Runner.ExecuteCommand(CommandSettings command)
   at GitHub.Runner.Listener.Program.MainAsync(IHostContext context, String[] args)
