[2020-03-15 22:07:53Z INFO HostContext] No proxy settings were found based on environmental variables (http_proxy/https_proxy/HTTP_PROXY/HTTPS_PROXY)
[2020-03-15 22:07:53Z INFO Listener] Runner is built for Windows (X64) - win-x64.
[2020-03-15 22:07:53Z INFO Listener] RuntimeInformation: Microsoft Windows 10.0.17763.
[2020-03-15 22:07:53Z INFO Listener] Version: 2.165.2
[2020-03-15 22:07:53Z INFO Listener] Commit: fcf795d86d880b9f0bd10f9713d29cb9784ecef5
[2020-03-15 22:07:53Z INFO Listener] Culture: ru-UA
[2020-03-15 22:07:53Z INFO Listener] UI Culture: ru-RU
[2020-03-15 22:07:53Z INFO HostContext] Well known directory 'Bin': 'C:\Users\DeepCool\Documents\GitHub\faidy.com\bin'
[2020-03-15 22:07:53Z INFO HostContext] Well known directory 'Root': 'C:\Users\DeepCool\Documents\GitHub\faidy.com'
[2020-03-15 22:07:53Z INFO Listener] Validating directory permissions for: 'C:\Users\DeepCool\Documents\GitHub\faidy.com'
[2020-03-15 22:07:53Z INFO CommandLineParser] Parse
[2020-03-15 22:07:53Z INFO CommandLineParser] Parsing 1 args
[2020-03-15 22:07:53Z INFO CommandLineParser] parsing argument
[2020-03-15 22:07:53Z INFO CommandLineParser] HasArgs: False
[2020-03-15 22:07:53Z INFO CommandLineParser] Adding Command: configure
[2020-03-15 22:07:53Z INFO Listener] Arguments parsed
[2020-03-15 22:07:53Z INFO Runner] ExecuteCommand
[2020-03-15 22:07:53Z INFO ConfigurationStore] currentAssemblyLocation: C:\Users\DeepCool\Documents\GitHub\faidy.com\bin\Runner.Listener.dll
[2020-03-15 22:07:53Z INFO HostContext] Well known directory 'Bin': 'C:\Users\DeepCool\Documents\GitHub\faidy.com\bin'
[2020-03-15 22:07:53Z INFO ConfigurationStore] binPath: C:\Users\DeepCool\Documents\GitHub\faidy.com\bin
[2020-03-15 22:07:53Z INFO HostContext] Well known directory 'Bin': 'C:\Users\DeepCool\Documents\GitHub\faidy.com\bin'
[2020-03-15 22:07:53Z INFO HostContext] Well known directory 'Root': 'C:\Users\DeepCool\Documents\GitHub\faidy.com'
[2020-03-15 22:07:53Z INFO ConfigurationStore] RootFolder: C:\Users\DeepCool\Documents\GitHub\faidy.com
[2020-03-15 22:07:53Z INFO HostContext] Well known directory 'Bin': 'C:\Users\DeepCool\Documents\GitHub\faidy.com\bin'
[2020-03-15 22:07:53Z INFO HostContext] Well known directory 'Root': 'C:\Users\DeepCool\Documents\GitHub\faidy.com'
[2020-03-15 22:07:53Z INFO HostContext] Well known config file 'Runner': 'C:\Users\DeepCool\Documents\GitHub\faidy.com\.runner'
[2020-03-15 22:07:53Z INFO ConfigurationStore] ConfigFilePath: C:\Users\DeepCool\Documents\GitHub\faidy.com\.runner
[2020-03-15 22:07:53Z INFO HostContext] Well known directory 'Bin': 'C:\Users\DeepCool\Documents\GitHub\faidy.com\bin'
[2020-03-15 22:07:53Z INFO HostContext] Well known directory 'Root': 'C:\Users\DeepCool\Documents\GitHub\faidy.com'
[2020-03-15 22:07:53Z INFO HostContext] Well known config file 'Credentials': 'C:\Users\DeepCool\Documents\GitHub\faidy.com\.credentials'
[2020-03-15 22:07:53Z INFO ConfigurationStore] CredFilePath: C:\Users\DeepCool\Documents\GitHub\faidy.com\.credentials
[2020-03-15 22:07:53Z INFO HostContext] Well known directory 'Bin': 'C:\Users\DeepCool\Documents\GitHub\faidy.com\bin'
[2020-03-15 22:07:53Z INFO HostContext] Well known directory 'Root': 'C:\Users\DeepCool\Documents\GitHub\faidy.com'
[2020-03-15 22:07:53Z INFO HostContext] Well known config file 'Service': 'C:\Users\DeepCool\Documents\GitHub\faidy.com\.service'
[2020-03-15 22:07:53Z INFO ConfigurationStore] ServiceConfigFilePath: C:\Users\DeepCool\Documents\GitHub\faidy.com\.service
[2020-03-15 22:07:53Z INFO CommandSettings] Flag 'help': 'False'
[2020-03-15 22:07:53Z INFO CommandSettings] Flag 'version': 'False'
[2020-03-15 22:07:53Z INFO CommandSettings] Flag 'commit': 'False'
[2020-03-15 22:07:53Z INFO CommandSettings] Command 'configure': 'True'
[2020-03-15 22:07:53Z INFO Terminal] WRITE LINE: 
[2020-03-15 22:07:53Z INFO Terminal] WRITE LINE: --------------------------------------------------------------------------------
[2020-03-15 22:07:53Z INFO Terminal] WRITE LINE: |        ____ _ _   _   _       _          _        _   _                      |
[2020-03-15 22:07:53Z INFO Terminal] WRITE LINE: |       / ___(_) |_| | | |_   _| |__      / \   ___| |_(_) ___  _ __  ___      |
[2020-03-15 22:07:53Z INFO Terminal] WRITE LINE: |      | |  _| | __| |_| | | | | '_ \    / _ \ / __| __| |/ _ \| '_ \/ __|     |
[2020-03-15 22:07:53Z INFO Terminal] WRITE LINE: |      | |_| | | |_|  _  | |_| | |_) |  / ___ \ (__| |_| | (_) | | | \__ \     |
[2020-03-15 22:07:53Z INFO Terminal] WRITE LINE: |       \____|_|\__|_| |_|\__,_|_.__/  /_/   \_\___|\__|_|\___/|_| |_|___/     |
[2020-03-15 22:07:53Z INFO Terminal] WRITE LINE: |                                                                              |
[2020-03-15 22:07:53Z INFO Terminal] WRITE: |                       
[2020-03-15 22:07:53Z INFO Terminal] WRITE: Self-hosted runner registration
[2020-03-15 22:07:53Z INFO Terminal] WRITE LINE:                         |
[2020-03-15 22:07:53Z INFO Terminal] WRITE LINE: |                                                                              |
[2020-03-15 22:07:53Z INFO Terminal] WRITE LINE: --------------------------------------------------------------------------------
[2020-03-15 22:07:53Z INFO ConfigurationManager] ConfigureAsync
[2020-03-15 22:07:53Z INFO ConfigurationStore] IsConfigured()
[2020-03-15 22:07:53Z INFO ConfigurationStore] IsConfigured: False
[2020-03-15 22:07:53Z INFO ConfigurationManager] Is configured: False
[2020-03-15 22:07:53Z INFO CommandSettings] Arg 'url': ''
[2020-03-15 22:07:53Z INFO CommandSettings] Flag 'unattended': 'False'
[2020-03-15 22:07:53Z INFO PromptManager] ReadValue
[2020-03-15 22:07:53Z INFO Terminal] WRITE: What is the URL of your repository? 
[2020-03-15 22:07:53Z INFO Terminal] READ LINE
